TN:
SF:src/index.ts
FN:1,(anonymous_0)
FNF:1
FNH:1
FNDA:30,(anonymous_0)
DA:1,31
LF:1
LH:1
BRF:0
BRH:0
end_of_record
TN:
SF:src/url-builder.ts
FN:6,(anonymous_6)
FN:17,(anonymous_8)
FN:40,(anonymous_9)
FN:55,(anonymous_10)
FNF:4
FNH:4
FNDA:52,(anonymous_6)
FNDA:29,(anonymous_8)
FNDA:25,(anonymous_9)
FNDA:52,(anonymous_10)
DA:1,1
DA:6,51
DA:7,50
DA:17,57
DA:18,29
DA:19,29
DA:20,28
DA:22,29
DA:23,29
DA:24,1
DA:26,28
DA:27,27
DA:40,46
DA:41,25
DA:42,25
DA:43,1
DA:45,24
DA:46,23
DA:52,23
DA:55,1
DA:56,52
DA:57,2
DA:60,1
LF:23
LH:23
BRDA:6,0,0,51
BRDA:6,0,1,51
BRDA:6,0,2,50
BRDA:17,1,0,28
BRDA:17,1,1,1
BRDA:19,2,0,28
BRDA:19,2,1,1
BRDA:23,3,0,1
BRDA:23,3,1,28
BRDA:40,4,0,21
BRDA:40,4,1,4
BRDA:42,5,0,1
BRDA:42,5,1,24
BRDA:52,6,0,4
BRDA:52,6,1,19
BRDA:56,7,0,2
BRDA:56,7,1,50
BRF:17
BRH:17
end_of_record
TN:
SF:src/url-param-builder.ts
FN:4,(anonymous_0)
FN:15,UrlParamBuilder
FN:37,(anonymous_2)
FN:59,(anonymous_3)
FNF:4
FNH:4
FNDA:1,(anonymous_0)
FNDA:71,UrlParamBuilder
FNDA:22,(anonymous_2)
FNDA:28,(anonymous_3)
DA:4,1
DA:7,71
DA:21,71
DA:22,71
DA:23,2
DA:37,1
DA:38,22
DA:39,3
DA:42,19
DA:46,17
DA:47,17
DA:49,2
DA:51,19
DA:59,1
DA:60,28
DA:62,1
LF:16
LH:16
BRDA:22,0,0,2
BRDA:22,0,1,69
BRDA:38,1,0,3
BRDA:38,1,1,19
BRDA:38,2,0,22
BRDA:38,2,1,19
BRDA:38,2,2,19
BRDA:43,3,0,4
BRDA:43,3,1,8
BRDA:43,3,2,17
BRDA:43,3,3,2
BRF:11
BRH:11
end_of_record
TN:
SF:test/url-builder.spec.ts
FN:7,(anonymous_0)
FN:14,(anonymous_1)
FN:15,(anonymous_2)
FN:16,(anonymous_3)
FN:20,(anonymous_4)
FN:21,(anonymous_5)
FN:29,(anonymous_6)
FN:35,(anonymous_7)
FN:41,(anonymous_8)
FN:42,(anonymous_9)
FN:45,(anonymous_10)
FN:46,(anonymous_11)
FN:50,(anonymous_12)
FN:54,(anonymous_13)
FN:55,(anonymous_14)
FN:64,(anonymous_15)
FN:65,(anonymous_16)
FN:74,(anonymous_17)
FN:85,(anonymous_18)
FN:93,(anonymous_19)
FN:95,(anonymous_20)
FN:98,(anonymous_21)
FN:109,(anonymous_22)
FN:110,(anonymous_23)
FN:119,(anonymous_24)
FN:130,(anonymous_25)
FN:140,(anonymous_26)
FN:150,(anonymous_27)
FNF:28
FNH:28
FNDA:1,(anonymous_0)
FNDA:1,(anonymous_1)
FNDA:1,(anonymous_2)
FNDA:1,(anonymous_3)
FNDA:1,(anonymous_4)
FNDA:1,(anonymous_5)
FNDA:1,(anonymous_6)
FNDA:1,(anonymous_7)
FNDA:1,(anonymous_8)
FNDA:1,(anonymous_9)
FNDA:1,(anonymous_10)
FNDA:1,(anonymous_11)
FNDA:1,(anonymous_12)
FNDA:4,(anonymous_13)
FNDA:4,(anonymous_14)
FNDA:4,(anonymous_15)
FNDA:4,(anonymous_16)
FNDA:1,(anonymous_17)
FNDA:1,(anonymous_18)
FNDA:1,(anonymous_19)
FNDA:1,(anonymous_20)
FNDA:1,(anonymous_21)
FNDA:1,(anonymous_22)
FNDA:1,(anonymous_23)
FNDA:1,(anonymous_24)
FNDA:1,(anonymous_25)
FNDA:1,(anonymous_26)
FNDA:1,(anonymous_27)
DA:3,1
DA:4,1
DA:5,1
DA:7,1
DA:9,1
DA:10,1
DA:11,1
DA:12,1
DA:14,1
DA:15,1
DA:16,1
DA:20,1
DA:21,1
DA:22,1
DA:24,1
DA:27,1
DA:29,1
DA:30,1
DA:32,1
DA:35,1
DA:36,1
DA:38,1
DA:41,1
DA:42,1
DA:45,1
DA:46,1
DA:50,1
DA:52,1
DA:54,1
DA:55,4
DA:56,4
DA:60,4
DA:64,1
DA:65,4
DA:66,4
DA:70,4
DA:74,1
DA:75,1
DA:77,1
DA:79,1
DA:81,1
DA:82,1
DA:85,1
DA:86,1
DA:90,1
DA:93,1
DA:94,1
DA:95,1
DA:98,1
DA:99,1
DA:101,1
DA:102,1
DA:103,1
DA:105,1
DA:109,1
DA:110,1
DA:111,1
DA:116,1
DA:119,1
DA:120,1
DA:127,1
DA:130,1
DA:131,1
DA:137,1
DA:140,1
DA:141,1
DA:147,1
DA:150,1
DA:151,1
DA:156,1
DA:161,1
LF:71
LH:71
BRF:0
BRH:0
end_of_record
TN:
SF:test/url-param-builder.spec.ts
FN:8,(anonymous_0)
FN:15,(anonymous_1)
FN:16,(anonymous_2)
FN:17,(anonymous_3)
FN:21,(anonymous_4)
FN:22,(anonymous_5)
FN:31,(anonymous_6)
FN:42,(anonymous_7)
FN:52,(anonymous_8)
FN:62,(anonymous_9)
FN:76,(anonymous_10)
FN:87,(anonymous_11)
FNF:12
FNH:12
FNDA:1,(anonymous_0)
FNDA:1,(anonymous_1)
FNDA:1,(anonymous_2)
FNDA:1,(anonymous_3)
FNDA:1,(anonymous_4)
FNDA:1,(anonymous_5)
FNDA:1,(anonymous_6)
FNDA:1,(anonymous_7)
FNDA:1,(anonymous_8)
FNDA:1,(anonymous_9)
FNDA:1,(anonymous_10)
FNDA:1,(anonymous_11)
DA:3,1
DA:4,1
DA:5,1
DA:6,1
DA:8,1
DA:10,1
DA:11,1
DA:12,1
DA:13,1
DA:15,1
DA:16,1
DA:17,1
DA:21,1
DA:22,1
DA:23,1
DA:28,1
DA:31,1
DA:32,1
DA:39,1
DA:42,1
DA:43,1
DA:49,1
DA:52,1
DA:53,1
DA:59,1
DA:62,1
DA:63,1
DA:68,1
DA:73,1
DA:76,1
DA:77,1
DA:80,1
DA:81,1
DA:82,1
DA:84,1
DA:87,1
DA:88,1
DA:94,1
LF:38
LH:38
BRF:0
BRH:0
end_of_record
